0 silly argv { _: [ 'publish' ],
0 silly argv   'conventional-commits': true,
0 silly argv   conventionalCommits: true,
0 silly argv   'conventional-prerelease': '*',
0 silly argv   conventionalPrerelease: '*',
0 silly argv   'changelog-preset': 'cz-lerna-changelog',
0 silly argv   changelogPreset: 'cz-lerna-changelog',
0 silly argv   'allow-branch': [ 'feature/button_component' ],
0 silly argv   allowBranch: [ 'feature/button_component' ],
0 silly argv   'force-publish': '*',
0 silly argv   forcePublish: '*',
0 silly argv   'commit-hooks': false,
0 silly argv   commitHooks: false,
0 silly argv   contents: 'dist',
0 silly argv   composed: 'publish',
0 silly argv   lernaVersion: '3.19.0',
0 silly argv   '$0': '/Users/rewathkafley/.yarn/bin/lerna' }
1 notice cli v3.19.0
2 verbose rootPath /Users/rewathkafley/Documents/Projects/lerna-playground
3 verbose session 27cbda3fc801bce9
4 verbose user-agent lerna/3.19.0/node@v10.17.0+x64 (darwin)
5 silly argv { _: [ 'publish' ],
5 silly argv   'conventional-commits': true,
5 silly argv   conventionalCommits: true,
5 silly argv   'conventional-prerelease': '*',
5 silly argv   conventionalPrerelease: '*',
5 silly argv   'changelog-preset': 'cz-lerna-changelog',
5 silly argv   changelogPreset: 'cz-lerna-changelog',
5 silly argv   'allow-branch': [ 'feature/button_component' ],
5 silly argv   allowBranch: [ 'feature/button_component' ],
5 silly argv   'force-publish': '*',
5 silly argv   forcePublish: '*',
5 silly argv   'commit-hooks': false,
5 silly argv   commitHooks: false,
5 silly argv   contents: 'dist',
5 silly argv   composed: 'publish',
5 silly argv   lernaVersion: '3.19.0' }
6 verbose rootPath /Users/rewathkafley/Documents/Projects/lerna-playground
7 info current version 0.1.0-alpha.6
8 silly isAnythingCommitted
9 verbose isAnythingCommitted 1
10 silly currentBranch
11 verbose currentBranch feature/button_component
12 silly remoteBranchExists
13 silly isBehindUpstream
14 silly isBehindUpstream feature/button_component is behind origin/feature/button_component by 0 commit(s) and ahead by 0
15 silly hasTags
16 verbose hasTags true
17 silly git-describe.sync "v0.1.0-alpha.6-0-g5a5a4f8a-dirty" => {"lastTagName":"v0.1.0-alpha.6","lastVersion":"v0.1.0-alpha.6","refCount":"0","sha":"5a5a4f8a","isDirty":true}
18 warn force-publish all packages
19 info Assuming all packages changed
20 verbose updated @safire/components
21 silly fixed for @safire/components at /Users/rewathkafley/Documents/Projects/lerna-playground/libs/components
22 verbose getChangelogConfig using preset "cz-lerna-changelog"
23 silly npa Result {
23 silly npa   type: 'tag',
23 silly npa   registry: true,
23 silly npa   where: undefined,
23 silly npa   raw: 'cz-lerna-changelog',
23 silly npa   name: 'cz-lerna-changelog',
23 silly npa   escapedName: 'cz-lerna-changelog',
23 silly npa   scope: undefined,
23 silly npa   rawSpec: '',
23 silly npa   saveSpec: null,
23 silly npa   fetchSpec: 'latest',
23 silly npa   gitRange: undefined,
23 silly npa   gitCommittish: undefined,
23 silly npa   hosted: undefined }
24 verbose getChangelogConfig Attempting to resolve preset "cz-lerna-changelog"
25 info getChangelogConfig Successfully resolved preset "cz-lerna-changelog"
26 verbose fixed increment 0.1.0-alpha.6 by prerelease
27 info execute Skipping releases
28 silly lifecycle No script for "preversion" in "safire", continuing
29 silly lifecycle No script for "preversion" in "@safire/components", continuing
30 silly lifecycle No script for "version" in "@safire/components", continuing
31 silly fixed for @safire/components at /Users/rewathkafley/Documents/Projects/lerna-playground/libs/components
32 silly fixed writing new entry: "## 0.1.0-alpha.7 (2019-12-10)\n\n**Note:** Version bump only for package @safire/components\n\n\n\n"
33 verbose fixed wrote /Users/rewathkafley/Documents/Projects/lerna-playground/libs/components/CHANGELOG.md
34 silly root for safire at /Users/rewathkafley/Documents/Projects/lerna-playground
35 silly root writing new entry: "## 0.1.0-alpha.7 (2019-12-10)\n\n**Note:** Version bump only for package safire\n\n\n\n"
36 verbose root wrote /Users/rewathkafley/Documents/Projects/lerna-playground/CHANGELOG.md
37 silly lifecycle No script for "version" in "safire", continuing
38 silly gitAdd [ '/Users/rewathkafley/Documents/Projects/lerna-playground/libs/components/package.json',
38 silly gitAdd   '/Users/rewathkafley/Documents/Projects/lerna-playground/libs/components/CHANGELOG.md',
38 silly gitAdd   '/Users/rewathkafley/Documents/Projects/lerna-playground/CHANGELOG.md',
38 silly gitAdd   '/Users/rewathkafley/Documents/Projects/lerna-playground/lerna.json' ]
39 silly gitCommit chore(release): publish version v0.1.0-alpha.7
40 verbose git [ 'commit',
40 verbose git   '--no-verify',
40 verbose git   '-m',
40 verbose git   'chore(release): publish version v0.1.0-alpha.7' ]
41 silly gitTag v0.1.0-alpha.7
42 verbose git [ 'tag', 'v0.1.0-alpha.7', '-m', 'v0.1.0-alpha.7' ]
43 silly lifecycle No script for "postversion" in "@safire/components", continuing
44 silly lifecycle No script for "postversion" in "safire", continuing
45 info git Pushing tags...
46 silly gitPush origin feature/button_component
47 info publish Publishing packages to npm...
48 notice Skipping all user and access validation due to third-party registry
49 notice Make sure you're authenticated properly ¯\_(ツ)_/¯
50 warn ENOLICENSE Package @safire/components is missing a license.
50 warn ENOLICENSE One way to fix this is to add a LICENSE.md file to the root of this repository.
50 warn ENOLICENSE See https://choosealicense.com for additional guidance.
51 silly getCurrentSHA
52 verbose getCurrentSHA adc5aff26e664c6739d6c68d2c977cf06a4c11cc
53 silly lifecycle No script for "prepublish" in "safire", continuing
54 silly lifecycle No script for "prepare" in "safire", continuing
55 silly lifecycle No script for "prepublishOnly" in "safire", continuing
56 silly lifecycle No script for "prepack" in "safire", continuing
57 verbose pack-directory libs/components/dist
58 silly lifecycle No script for "prepublish" in "@safire/components", continuing
59 silly lifecycle No script for "prepare" in "@safire/components", continuing
60 silly lifecycle No script for "prepublishOnly" in "@safire/components", continuing
61 silly lifecycle No script for "prepack" in "@safire/components", continuing
62 silly lifecycle No script for "postpack" in "@safire/components", continuing
63 verbose packed libs/components/dist
64 silly lifecycle No script for "postpack" in "safire", continuing
65 verbose publish @safire/components
66 error
